14:27:32.418 INFO   manager.AplicationManager - tests start in ChromeDriver
14:27:33.715 INFO   manager.AplicationManager - The linc is -->https://contacts-app.tobbymarshall815.vercel.app/home
14:27:33.816 INFO   manager.MyListener - 'Start finde' element ---> By.xpath: //*[text()='Sign Out']
14:27:38.866 INFO   manager.MyListener - the element with locator ---> By.xpath: //*[text()='Sign Out'] ,--- was found
14:27:38.881 INFO   tests.TestBase - sdsd31658@ww.com
14:27:38.884 INFO   tests.TestBase - INDEX-->1658
14:27:38.884 INFO   manager.MyListener - 'Start finde' element ---> By.xpath: //*[href='/login']
14:27:43.954 INFO   manager.MyListener - We have a 'throwable' ---> no such element: Unable to locate element: {"method":"xpath","selector":"//*[href='/login']"}
  (Session info: chrome=103.0.5060.114)
For documentation on this error, please visit: https://www.seleniumhq.org/exceptions/no_such_element.html
Build info: version: '3.141.59', revision: 'e82be7d358', time: '2018-11-14T08:17:03'
System info: host: 'WIN-6CQ3264SSN2', ip: '192.168.0.100', os.name: 'Windows 10', os.arch: 'amd64', os.version: '10.0', java.version: '11.0.14'
Driver info: org.openqa.selenium.chrome.ChromeDriver
Capabilities {acceptInsecureCerts: false, browserName: chrome, browserVersion: 103.0.5060.114, chrome: {chromedriverVersion: 102.0.5005.61 (0e59bcc00cc4..., userDataDir: C:\Users\user\AppData\Local...}, goog:chromeOptions: {debuggerAddress: localhost:57646}, javascriptEnabled: true, networkConnectionEnabled: false, pageLoadStrategy: normal, platform: WINDOWS, platformName: WINDOWS, proxy: Proxy(), setWindowRect: true, strictFileInteractability: false, timeouts: {implicit: 0, pageLoad: 300000, script: 30000}, unhandledPromptBehavior: dismiss and notify, webauthn:extension:credBlob: true, webauthn:extension:largeBlob: true, webauthn:virtualAuthenticators: true}
Session ID: 4edeb12334ce9f7dc2be64ccee6cc6a5
*** Element info: {Using=xpath, value=//*[href='/login']}
14:27:43.958 INFO   manager.MyListener - We have a 'fill In StackTrace' ---> org.openqa.selenium.NoSuchElementException: no such element: Unable to locate element: {"method":"xpath","selector":"//*[href='/login']"}
  (Session info: chrome=103.0.5060.114)
For documentation on this error, please visit: https://www.seleniumhq.org/exceptions/no_such_element.html
Build info: version: '3.141.59', revision: 'e82be7d358', time: '2018-11-14T08:17:03'
System info: host: 'WIN-6CQ3264SSN2', ip: '192.168.0.100', os.name: 'Windows 10', os.arch: 'amd64', os.version: '10.0', java.version: '11.0.14'
Driver info: org.openqa.selenium.chrome.ChromeDriver
Capabilities {acceptInsecureCerts: false, browserName: chrome, browserVersion: 103.0.5060.114, chrome: {chromedriverVersion: 102.0.5005.61 (0e59bcc00cc4..., userDataDir: C:\Users\user\AppData\Local...}, goog:chromeOptions: {debuggerAddress: localhost:57646}, javascriptEnabled: true, networkConnectionEnabled: false, pageLoadStrategy: normal, platform: WINDOWS, platformName: WINDOWS, proxy: Proxy(), setWindowRect: true, strictFileInteractability: false, timeouts: {implicit: 0, pageLoad: 300000, script: 30000}, unhandledPromptBehavior: dismiss and notify, webauthn:extension:credBlob: true, webauthn:extension:largeBlob: true, webauthn:virtualAuthenticators: true}
Session ID: 4edeb12334ce9f7dc2be64ccee6cc6a5
*** Element info: {Using=xpath, value=//*[href='/login']}
14:27:44.329 INFO   manager.MyListener - This is link to screen with problem--->src/test/screenshots/screen-+index+.png
