10:33:17.785 INFO   manager.AplicationManager - tests start in ChromeDriver
10:33:18.969 INFO   manager.AplicationManager - The linc is -->https://contacts-app.tobbymarshall815.vercel.app/home
10:33:19.064 INFO   tests.TestBase - start test --->loginSuccessNew
10:33:19.071 INFO   manager.MyListener - 'Start finde' element ---> By.xpath: //*[text()='Sign Out']
10:33:24.126 INFO   manager.MyListener - the element with locator ---> By.xpath: //*[text()='Sign Out'] ,--- was found
10:33:24.152 INFO   tests.TestBase - Test start with email : noa@gmail.com and password : Nnoa12345$
10:33:24.156 INFO   manager.MyListener - 'Start finde' element ---> By.xpath: //*[@href='/login']
10:33:24.179 INFO   manager.MyListener - the element with locator ---> By.xpath: //*[@href='/login'] ,--- was found
10:33:24.647 INFO   manager.MyListener - 'Start finde' element ---> By.xpath: //input[1]
10:33:24.689 INFO   manager.MyListener - the element with locator ---> By.xpath: //input[1] ,--- was found
10:33:24.878 INFO   manager.MyListener - 'Start finde' element ---> By.xpath: //input[2]
10:33:24.903 INFO   manager.MyListener - the element with locator ---> By.xpath: //input[2] ,--- was found
10:33:25.080 INFO   manager.MyListener - 'Start finde' element ---> By.xpath: //*[text()=' Login']
10:33:25.101 INFO   manager.MyListener - the element with locator ---> By.xpath: //*[text()=' Login'] ,--- was found
10:33:25.199 INFO   manager.MyListener - 'Start finde' element ---> By.xpath: //*[text()='Sign Out']
10:33:25.884 INFO   manager.MyListener - the element with locator ---> By.xpath: //*[text()='Sign Out'] ,--- was found
10:33:25.890 INFO   tests.TestBase - start test --->loginSuccessNew
10:33:25.892 INFO   manager.MyListener - 'Start finde' element ---> By.xpath: //*[text()='Sign Out']
10:33:25.917 INFO   manager.MyListener - the element with locator ---> By.xpath: //*[text()='Sign Out'] ,--- was found
10:33:25.917 INFO   manager.MyListener - 'Start finde' element ---> By.xpath: //*[text()='Sign Out']
10:33:25.937 INFO   manager.MyListener - the element with locator ---> By.xpath: //*[text()='Sign Out'] ,--- was found
10:33:26.005 INFO   tests.TestBase - Test start with email : noa@gmail.com and password : Nnoa12345$
10:33:26.006 INFO   manager.MyListener - 'Start finde' element ---> By.xpath: //*[@href='/login']
10:33:26.026 INFO   manager.MyListener - the element with locator ---> By.xpath: //*[@href='/login'] ,--- was found
10:33:26.075 INFO   manager.MyListener - 'Start finde' element ---> By.xpath: //input[1]
10:33:26.087 INFO   manager.MyListener - the element with locator ---> By.xpath: //input[1] ,--- was found
10:33:26.262 INFO   manager.MyListener - 'Start finde' element ---> By.xpath: //input[2]
10:33:26.277 INFO   manager.MyListener - the element with locator ---> By.xpath: //input[2] ,--- was found
10:33:26.421 INFO   manager.MyListener - 'Start finde' element ---> By.xpath: //*[text()=' Login']
10:33:26.446 INFO   manager.MyListener - the element with locator ---> By.xpath: //*[text()=' Login'] ,--- was found
10:33:26.493 INFO   manager.MyListener - 'Start finde' element ---> By.xpath: //*[text()='Sign Out']
10:33:26.631 INFO   manager.MyListener - the element with locator ---> By.xpath: //*[text()='Sign Out'] ,--- was found
10:33:26.634 INFO   tests.TestBase - start test --->loginSuccessNew
10:33:26.635 INFO   manager.MyListener - 'Start finde' element ---> By.xpath: //*[text()='Sign Out']
10:33:26.649 INFO   manager.MyListener - the element with locator ---> By.xpath: //*[text()='Sign Out'] ,--- was found
10:33:26.650 INFO   manager.MyListener - 'Start finde' element ---> By.xpath: //*[text()='Sign Out']
10:33:26.665 INFO   manager.MyListener - the element with locator ---> By.xpath: //*[text()='Sign Out'] ,--- was found
10:33:26.724 INFO   tests.TestBase - Test start with email : noa@gmail.com and password : Nnoa12345$
10:33:26.726 INFO   manager.MyListener - 'Start finde' element ---> By.xpath: //*[@href='/login']
10:33:26.745 INFO   manager.MyListener - the element with locator ---> By.xpath: //*[@href='/login'] ,--- was found
10:33:26.807 INFO   manager.MyListener - 'Start finde' element ---> By.xpath: //input[1]
10:33:26.822 INFO   manager.MyListener - the element with locator ---> By.xpath: //input[1] ,--- was found
10:33:26.977 INFO   manager.MyListener - 'Start finde' element ---> By.xpath: //input[2]
10:33:26.993 INFO   manager.MyListener - the element with locator ---> By.xpath: //input[2] ,--- was found
10:33:27.159 INFO   manager.MyListener - 'Start finde' element ---> By.xpath: //*[text()=' Login']
10:33:27.181 INFO   manager.MyListener - the element with locator ---> By.xpath: //*[text()=' Login'] ,--- was found
10:33:27.229 INFO   manager.MyListener - 'Start finde' element ---> By.xpath: //*[text()='Sign Out']
10:33:27.366 INFO   manager.MyListener - the element with locator ---> By.xpath: //*[text()='Sign Out'] ,--- was found
10:33:27.368 INFO   tests.TestBase - start test --->loginSuccessNew
10:33:27.369 INFO   manager.MyListener - 'Start finde' element ---> By.xpath: //*[text()='Sign Out']
10:33:27.386 INFO   manager.MyListener - the element with locator ---> By.xpath: //*[text()='Sign Out'] ,--- was found
10:33:27.386 INFO   manager.MyListener - 'Start finde' element ---> By.xpath: //*[text()='Sign Out']
10:33:27.401 INFO   manager.MyListener - the element with locator ---> By.xpath: //*[text()='Sign Out'] ,--- was found
10:33:27.466 INFO   tests.TestBase - Test start with email : noa@gmail.com and password : Nnoa12345$
10:33:27.467 INFO   manager.MyListener - 'Start finde' element ---> By.xpath: //*[@href='/login']
10:33:27.498 INFO   manager.MyListener - the element with locator ---> By.xpath: //*[@href='/login'] ,--- was found
10:33:27.567 INFO   manager.MyListener - 'Start finde' element ---> By.xpath: //input[1]
10:33:27.587 INFO   manager.MyListener - the element with locator ---> By.xpath: //input[1] ,--- was found
10:33:27.738 INFO   manager.MyListener - 'Start finde' element ---> By.xpath: //input[2]
10:33:27.760 INFO   manager.MyListener - the element with locator ---> By.xpath: //input[2] ,--- was found
10:33:27.912 INFO   manager.MyListener - 'Start finde' element ---> By.xpath: //*[text()=' Login']
10:33:27.932 INFO   manager.MyListener - the element with locator ---> By.xpath: //*[text()=' Login'] ,--- was found
10:33:27.978 INFO   manager.MyListener - 'Start finde' element ---> By.xpath: //*[text()='Sign Out']
10:33:28.116 INFO   manager.MyListener - the element with locator ---> By.xpath: //*[text()='Sign Out'] ,--- was found
